aurvote-git
b43-firmware
breeze-cursors-lh
breeze-obsidian-cursor-theme
chromium-widevine
conky-lua-archers
cower
downgrade
faba-icon-theme
font-manager
gksu
glxinfo
halo-icons-git
hardcode-fixer-git
inxi
libgksu
mintstick-git
mkinitcpio-openswap
moka-icon-theme
numix-circle-arc-icons-git
numix-circle-icon-theme-git
numix-icon-theme-git
oh-my-zsh-git
pacaur
package-query
pamac-aur
paper-icon-theme
papirus-icon-theme-git
peek
pulseaudio-equalizer-ladspa
python2-pyparted
sardi-icons
screenkey
sublime-text-dev
surfn-icons-git
temps
timeshift
trizen
ttf-ms-fonts
urxvt-resize-font-git
wttr
xcursor-breeze
yad
yaourt
