Aug 19 16:12 : exception: Failed to open /home/abdias/.mpd/mpdstate: No such file or directory
Aug 19 16:12 : update: added CD1/17 - Madame Monsieur - Mercy.mp3
Aug 19 16:12 : update: added CD1/06 - DJ Snake - Magenta Riddim.mp3
Aug 19 16:12 : update: added CD1/16 - Selena Gomez - Wolves.mp3
Aug 19 16:12 : update: added CD1/05 - Hoshi - Ta marinière.mp3
Aug 19 16:12 : update: added CD1/14 - Therapie TAXI - Hit Sale (feat. Roméo Elvis).mp3
Aug 19 16:12 : update: added CD1/15 - Marshmello - Silence.mp3
Aug 19 16:12 : update: added CD1/20 - MC Fioti - Bum Bum Tam Tam.mp3
Aug 19 16:12 : update: added CD1/19 - Feder - Breathe.mp3
Aug 19 16:12 : update: added CD1/01 - Maître Gims - La même.mp3
Aug 19 16:12 : update: added CD1/09 - Inna - La roulette.mp3
Aug 19 16:12 : update: added CD1/03 - El Chombo - Dame Tu Cosita.mp3
Aug 19 16:12 : update: added CD1/07 - Julian Perretta - On The Line.mp3
Aug 19 16:12 : update: added CD1/18 - The Chainsmokers - Sick Boy.mp3
Aug 19 16:12 : update: added CD1/12 - J Balvin - Machika.mp3
Aug 19 16:12 : update: added CD1/02 - Lartiste - Mafiosa (feat. Caroliina).mp3
Aug 19 16:12 : update: added CD1/04 - Kygo - Remind Me to Forget.mp3
Aug 19 16:12 : update: added CD1/08 - Calvin Harris - Nuh Ready Nuh Ready.mp3
Aug 19 16:12 : update: added CD1/10 - Big Boi - All Night.mp3
Aug 19 16:12 : update: added CD1/13 - Vitaa - Un peu de rêve (en duo avec Claudio Capéo).mp3
Aug 19 16:12 : update: added CD1/11 - Sasha - Je danse.mp3
Aug 19 16:12 : update: added CD2/15 - Diplo - Get It Right (feat. MØ).mp3
Aug 19 16:12 : update: added CD2/18 - Sofi Tukker - Best Friend (NERVO & Jeff Retro's Let's Get Busy Remix).mp3
Aug 19 16:12 : update: added CD2/06 - Kataleya - J'en peux plus.mp3
Aug 19 16:12 : update: added CD2/02 - L'Algérino - Va Bene.mp3
Aug 19 16:12 : update: added CD2/01 - Dadju - Bob Marley.mp3
Aug 19 16:12 : update: added CD2/11 - Showtek - Natural Blues.mp3
Aug 19 16:12 : update: added CD2/12 - RIDSA - J'aime bien.mp3
Aug 19 16:12 : update: added CD2/13 - Alle Farben - H.O.L.Y..mp3
Aug 19 16:12 : update: added CD2/09 - Amir - Les rues de ma peine.mp3
Aug 19 16:12 : update: added CD2/19 - Martin Garrix - So Far Away.mp3
Aug 19 16:12 : update: added CD2/08 - Camila Cabello - Never Be the Same.mp3
Aug 19 16:12 : update: added CD2/05 - Imagine Dragons - Next To Me.mp3
Aug 19 16:12 : update: added CD2/17 - Rag'n'Bone Man - Grace.mp3
Aug 19 16:12 : update: added CD2/04 - Marwa Loud - Fallait pas.mp3
Aug 19 16:12 : update: added CD2/14 - Claudio Capéo - Dis-Le Moi.mp3
Aug 19 16:12 : update: added CD2/07 - Purple Disco Machine - Devil in Me.mp3
Aug 19 16:12 : update: added CD2/03 -  P!nk - Beautiful Trauma.mp3
Aug 19 16:12 : update: added CD2/16 - Maluma - Felices los 4.mp3
Aug 19 16:12 : update: added CD2/20 - G-Eazy - Him & I.mp3
Aug 19 16:12 : update: added CD2/10 - Ben'Do - Pareil.mp3
Aug 19 16:12 : update: added CD3/06 - Basada - Good Vibes (feat. Camden Cox).mp3
Aug 19 16:12 : update: added CD3/18 - Lost Frequencies - Crazy.mp3
Aug 19 16:12 : update: added CD3/07 -Keen' V - Tu réalises.mp3
Aug 19 16:12 : update: added CD3/12 - Mazy - Toi et moi.mp3
Aug 19 16:12 : update: added CD3/10 - Ødyssey - Fire.mp3
Aug 19 16:12 : update: added CD3/20 - Maroon 5 - Wait.mp3
Aug 19 16:12 : update: added CD3/02 - Tom Walker - Leave a Light On.mp3
Aug 19 16:12 : update: added CD3/03 - Vald - Désaccordé.mp3
Aug 19 16:12 : update: added CD3/01 - Luis Fonsi - Échame La Culpa.mp3
Aug 19 16:12 : update: added CD3/11 - Kygo - Stargazing.mp3
Aug 19 16:12 : update: added CD3/09 - Becky G - Mayores.mp3
Aug 19 16:12 : update: added CD3/04 - Jahyanaï - Who Mad Again.mp3
Aug 19 16:12 : update: added CD3/05 - Bigflo & Oli - Papa.mp3
Aug 19 16:12 : update: added CD3/08 - Jax Jones - Breathe.mp3
Aug 19 16:12 : update: added CD3/14 - RITA ORA - Anywhere.mp3
Aug 19 16:12 : update: added CD3/17 - Jordi Rivera x SPRKZ - Casanova (Radio Edit).mp3
Aug 19 16:12 : update: added CD3/16 - Big Shaq - Man's Not Hot.mp3
Aug 19 16:12 : update: added CD3/13 - Vegedream - La rue (Radio Edit).mp3
Aug 19 16:12 : update: added CD3/15 - 5 Seconds Of Summer - Want You Back.mp3
Aug 19 16:12 : update: added CD3/19 - SHELLBACK - Whatever You Want.mp3
Aug 19 16:12 : update: added Europa Plus ЕвроХит Топ 40 06.06 (2018)/10.  Addal vs. Mida feat. KiFi  -  405.mp3
Aug 19 16:12 : update: added Europa Plus ЕвроХит Топ 40 06.06 (2018)/37.  Betta Lemme  -  Bambola.mp3
Aug 19 16:12 : update: added Europa Plus ЕвроХит Топ 40 06.06 (2018)/38.  Mr.Da-Nos  -  Ohlala.mp3
Aug 19 16:12 : update: added Europa Plus ЕвроХит Топ 40 06.06 (2018)/13.  Consoul Trainin feat. Steven Aderinto & DuoViolins  -  Obsession.mp3
Aug 19 16:12 : update: added Europa Plus ЕвроХит Топ 40 06.06 (2018)/01.  Dynoro feat. Gigi D'Agostino  -  In My Mind.mp3
Aug 19 16:12 : update: added Europa Plus ЕвроХит Топ 40 06.06 (2018)/24.  Jason Derulo feat. French Montana  -  Tip Toe.mp3
Aug 19 16:12 : update: added Europa Plus ЕвроХит Топ 40 06.06 (2018)/31.  Clean Bandit feat. Demi Lovato  -  Solo.mp3
Aug 19 16:12 : update: added Europa Plus ЕвроХит Топ 40 06.06 (2018)/34.  Steve Aoki feat. Daddy Yankee, Play-N-Skillz & Elvis Crespo  -  Azukita.mp3
Aug 19 16:12 : update: added Europa Plus ЕвроХит Топ 40 06.06 (2018)/11.  Justin Timberlake feat. Chris Stapleton  -  Say Something.mp3
Aug 19 16:12 : update: added Europa Plus ЕвроХит Топ 40 06.06 (2018)/14.  Sofi Tukker  -  Batshit.mp3
Aug 19 16:12 : update: added Europa Plus ЕвроХит Топ 40 06.06 (2018)/29.  Tiesto & Sevenn feat. Gucci Mane  -  BOOM.mp3
Aug 19 16:12 : update: added Europa Plus ЕвроХит Топ 40 06.06 (2018)/09.  Jax Jones feat. Ina Wroldsen  -  Breathe.mp3
Aug 19 16:12 : update: added Europa Plus ЕвроХит Топ 40 06.06 (2018)/17.  Janieck  -  Does It Matter.mp3
Aug 19 16:12 : update: added Europa Plus ЕвроХит Топ 40 06.06 (2018)/40.  Vanotek feat. Eneli  -  Back To Me.mp3
Aug 19 16:12 : update: added Europa Plus ЕвроХит Топ 40 06.06 (2018)/28.  Luis Fonsi feat. Demi Lovato  -  Echame La Culpa.mp3
Aug 19 16:12 : update: added Europa Plus ЕвроХит Топ 40 06.06 (2018)/03.  MARUV & Boosin  -  Drunk Groove.mp3
Aug 19 16:12 : update: added Europa Plus ЕвроХит Топ 40 06.06 (2018)/04.  Tom Walker  -  Leave A Light On.mp3
Aug 19 16:12 : update: added Europa Plus ЕвроХит Топ 40 06.06 (2018)/30.  Marshmello & Anne-Marie  -  Friends.mp3
Aug 19 16:12 : update: added Europa Plus ЕвроХит Топ 40 06.06 (2018)/21.  G-Eazy & Halsey  -  Him & I.mp3
Aug 19 16:12 : update: added Europa Plus ЕвроХит Топ 40 06.06 (2018)/26.  L.B. One feat. Laenz  -  Trust Me.mp3
Aug 19 16:12 : update: added Europa Plus ЕвроХит Топ 40 06.06 (2018)/20.  Jah Khalib  -  Медина.mp3
Aug 19 16:12 : update: added Europa Plus ЕвроХит Топ 40 06.06 (2018)/39.  Burak Yeter  -  Crash.mp3
Aug 19 16:12 : update: added Europa Plus ЕвроХит Топ 40 06.06 (2018)/12.  Merk & Kremont feat. DNCE  -  Hands Up.mp3
Aug 19 16:12 : update: added Europa Plus ЕвроХит Топ 40 06.06 (2018)/22.  Felix Jaehn feat. Marc E. Bassy & Gucci Mane  -  Cool.mp3
Aug 19 16:12 : update: added Europa Plus ЕвроХит Топ 40 06.06 (2018)/16.  Duke Dumont & Ebenezer  -  Inhale.mp3
Aug 19 16:12 : update: added Europa Plus ЕвроХит Топ 40 06.06 (2018)/05.  Mari Ferrari & Monodepth feat. Kinnie Lane  -  Plus De Toi.mp3
Aug 19 16:12 : update: added Europa Plus ЕвроХит Топ 40 06.06 (2018)/32.  ZAYN feat. Sia  -  Dusk Till Dawn.mp3
Aug 19 16:12 : update: added Europa Plus ЕвроХит Топ 40 06.06 (2018)/06.  David Guetta feat. Sia  -  Flames.mp3
Aug 19 16:12 : update: added Europa Plus ЕвроХит Топ 40 06.06 (2018)/36.  Arash feat. Helena  -  Dooset Daram.mp3
Aug 19 16:12 : update: added Europa Plus ЕвроХит Топ 40 06.06 (2018)/23.  Елена Темникова  -  Не модные.mp3
Aug 19 16:12 : update: added Europa Plus ЕвроХит Топ 40 06.06 (2018)/19.  Alvaro Soler  -  La Cintura.mp3
Aug 19 16:12 : update: added Europa Plus ЕвроХит Топ 40 06.06 (2018)/35.  Post Malone  -  Better Now.mp3
Aug 19 16:12 : update: added Europa Plus ЕвроХит Топ 40 06.06 (2018)/15.  Anton Powers  -  Heart For Sale.mp3
Aug 19 16:12 : update: added Europa Plus ЕвроХит Топ 40 06.06 (2018)/25.  Imagine Dragons  -  Whatever It Takes.mp3
Aug 19 16:12 : update: added Europa Plus ЕвроХит Топ 40 06.06 (2018)/07.  CamelPhat & Elderbrook  -  Cola (Robin Schulz Remix).mp3
Aug 19 16:12 : update: added Europa Plus ЕвроХит Топ 40 06.06 (2018)/02.  Tim3bomb feat. Tim Schou  -  Magic.mp3
Aug 19 16:12 : update: added Europa Plus ЕвроХит Топ 40 06.06 (2018)/18.  Aris  -  S.O.S. (DJ Antonio Remix).mp3
Aug 19 16:12 : update: added Europa Plus ЕвроХит Топ 40 06.06 (2018)/08.  C-BooL & Giang Pham  -  DJ Is Your Second Name.mp3
Aug 19 16:12 : avahi: Service 'Music Player' successfully established.
Aug 19 16:12 : update: added Europa Plus ЕвроХит Топ 40 06.06 (2018)/33.  Джиган feat. Артем Качер  -  ДНК.mp3
Aug 19 16:12 : update: added Europa Plus ЕвроХит Топ 40 06.06 (2018)/27.  John Newman  -  Fire In Me.mp3
Aug 19 16:14 : avahi: Service 'Music Player' successfully established.
Aug 19 16:19 : client: [0] opened from 127.0.0.1:39308
Aug 19 16:20 : client: [0] closed
Aug 19 16:21 : client: [1] opened from 127.0.0.1:39456
Aug 19 16:22 : client: [1] closed
Aug 19 16:22 : client: [2] opened from 127.0.0.1:39508
Aug 19 16:23 : player: played "CD1/01 - Maître Gims - La même.mp3"
Aug 19 16:26 : client: [3] opened from 127.0.0.1:39822
Aug 19 16:26 : client: [3] closed
Aug 19 16:27 : player: played "CD2/01 - Dadju - Bob Marley.mp3"
Aug 19 16:37 : player: played "CD2/19 - Martin Garrix - So Far Away.mp3"
Aug 19 20:00 : player: played "CD3/02 - Tom Walker - Leave a Light On.mp3"
Aug 19 20:02 : client: [2] closed
Aug 19 20:03 : client: [4] opened from 127.0.0.1:41184
Aug 19 20:03 : client: [4] closed
Aug 19 21:39 : client: [5] opened from 127.0.0.1:48826
Aug 19 21:42 : player: played "Europa Plus ЕвроХит Топ 40 06.06 (2018)/04.  Tom Walker  -  Leave A Light On.mp3"
Aug 19 22:18 : client: [5] closed
Aug 19 23:07 : client: [6] opened from 127.0.0.1:54796
Aug 20 17:38 : exception: No such directory
Aug 20 17:38 : exception: Failed to open /home/abdias/Musica/playlist/river.m3u: No such file or directory
Aug 20 17:38 : exception: No such playlist
Aug 20 17:38 : exception: No such directory
Aug 20 17:38 : exception: Failed to open /home/abdias/Musica/playlist/Current.m3u: No such file or directory
Aug 20 17:38 : exception: No such playlist
Aug 20 17:39 : player: played "CD1/02 - Lartiste - Mafiosa (feat. Caroliina).mp3"
Aug 20 17:40 : exception: No such directory
Aug 20 17:40 : exception: Failed to open /home/abdias/Musica/playlist/new.m3u: No such file or directory
Aug 20 17:40 : exception: No such playlist
Aug 20 17:42 : update: added VA - The Official UK Top 40 Singles Chart [18.08] (2018) MP3/38. Jess Glynne - I'll Be There.mp3
Aug 20 17:42 : update: added VA - The Official UK Top 40 Singles Chart [18.08] (2018) MP3/29. Years & Years - If You're Over Me.mp3
Aug 20 17:42 : update: added VA - The Official UK Top 40 Singles Chart [18.08] (2018) MP3/39. Keala Settle & The Greatest Showman Ensemble - This Is Me.mp3
Aug 20 17:42 : update: added VA - The Official UK Top 40 Singles Chart [18.08] (2018) MP3/14. Cheat Codes & Little Mix - Only You.mp3
Aug 20 17:42 : update: added VA - The Official UK Top 40 Singles Chart [18.08] (2018) MP3/16. Post Malone - Better Now.mp3
Aug 20 17:42 : update: added VA - The Official UK Top 40 Singles Chart [18.08] (2018) MP3/35. AuRa & CamelPhat - Panic Room.mp3
Aug 20 17:42 : update: added VA - The Official UK Top 40 Singles Chart [18.08] (2018) MP3/40. Lily James, Jessica Keenan Wynn, Alexa Davies & Celia Imrie - When I Kissed The Teacher.mp3
Aug 20 17:42 : update: added VA - The Official UK Top 40 Singles Chart [18.08] (2018) MP3/32. Anne-Marie - 2002.mp3
Aug 20 17:42 : update: added VA - The Official UK Top 40 Singles Chart [18.08] (2018) MP3/12. Ariana Grande - God is a woman.mp3
Aug 20 17:42 : update: added VA - The Official UK Top 40 Singles Chart [18.08] (2018) MP3/19. Dennis Lloyd - Nevermind.mp3
Aug 20 17:42 : update: added VA - The Official UK Top 40 Singles Chart [18.08] (2018) MP3/27. Travis Scott - Stargazing.mp3
Aug 20 17:42 : update: added VA - The Official UK Top 40 Singles Chart [18.08] (2018) MP3/37. David Guetta ft Anne-Marie - Don't Leave Me Alone.mp3
Aug 20 17:42 : update: added VA - The Official UK Top 40 Singles Chart [18.08] (2018) MP3/30. ZieZie - Fine Girl.mp3
Aug 20 17:42 : update: added VA - The Official UK Top 40 Singles Chart [18.08] (2018) MP3/23. Nicki Minaj - Bed (feat. Ariana Grande).mp3
Aug 20 17:42 : update: added VA - The Official UK Top 40 Singles Chart [18.08] (2018) MP3/13. Jax Jones & Mabel - Ring Ring (feat. Rich The Kid).mp3
Aug 20 17:42 : update: added VA - The Official UK Top 40 Singles Chart [18.08] (2018) MP3/26. Drake - Nonstop.mp3
Aug 20 17:42 : update: added VA - The Official UK Top 40 Singles Chart [18.08] (2018) MP3/33. Hardy Caprio ft. One Acen - Best Life.mp3
Aug 20 17:42 : update: added VA - The Official UK Top 40 Singles Chart [18.08] (2018) MP3/18. Drake - Don't Matter To Me (feat. Michael Jackson).mp3
Aug 20 17:42 : update: added VA - The Official UK Top 40 Singles Chart [18.08] (2018) MP3/25. Martin Garrix - Ocean (feat. Khalid).mp3
Aug 20 17:42 : update: added VA - The Official UK Top 40 Singles Chart [18.08] (2018) MP3/10. Tyga - Taste (feat. Offset).mp3
Aug 20 17:42 : update: added VA - The Official UK Top 40 Singles Chart [18.08] (2018) MP3/07. 5 Seconds of Summer - Youngblood.mp3
Aug 20 17:42 : update: added VA - The Official UK Top 40 Singles Chart [18.08] (2018) MP3/05. Jonas Blue - Rise (feat. Jack & Jack).mp3
Aug 20 17:42 : update: added VA - The Official UK Top 40 Singles Chart [18.08] (2018) MP3/17. Clean Bandit - Solo (feat. Demi Lovato).mp3
Aug 20 17:42 : update: added VA - The Official UK Top 40 Singles Chart [18.08] (2018) MP3/06. Loud Luxury feat. Brando - Body.mp3
Aug 20 17:42 : update: added VA - The Official UK Top 40 Singles Chart [18.08] (2018) MP3/21. 6ix9ine, Nicki Minaj, Murda Beatz - Fefe.mp3
Aug 20 17:42 : update: added VA - The Official UK Top 40 Singles Chart [18.08] (2018) MP3/28. B Young - 079ME.mp3
Aug 20 17:42 : update: added VA - The Official UK Top 40 Singles Chart [18.08] (2018) MP3/15. Travis Scott - Sicko Mode (feat. Drake).mp3
Aug 20 17:42 : update: added VA - The Official UK Top 40 Singles Chart [18.08] (2018) MP3/02. Drake - In My Feelings.mp3
Aug 20 17:42 : update: added VA - The Official UK Top 40 Singles Chart [18.08] (2018) MP3/36. Nicki Minaj - Barbie Dreams.mp3
Aug 20 17:42 : update: added VA - The Official UK Top 40 Singles Chart [18.08] (2018) MP3/24. M-22 feat. Medina - First Time.mp3
Aug 20 17:42 : update: added VA - The Official UK Top 40 Singles Chart [18.08] (2018) MP3/31. Cardi B, Bad Bunny & J Balvin - I Like It.mp3
Aug 20 17:42 : update: added VA - The Official UK Top 40 Singles Chart [18.08] (2018) MP3/09. Maroon 5 - Girls Like You (feat. Cardi B).mp3
Aug 20 17:42 : update: added VA - The Official UK Top 40 Singles Chart [18.08] (2018) MP3/20. A$AP Rocky - Praise the Lord (Da Shine) [feat. Skepta].mp3
Aug 20 17:42 : update: added VA - The Official UK Top 40 Singles Chart [18.08] (2018) MP3/04. Benny Blanco,Khalid,Halsey - Eastside.mp3
Aug 20 17:42 : update: added VA - The Official UK Top 40 Singles Chart [18.08] (2018) MP3/08. Tiësto & Dzeko - Jackie Chan (feat. Preme & Post Malone).mp3
Aug 20 17:42 : update: added VA - The Official UK Top 40 Singles Chart [18.08] (2018) MP3/01. George Ezra - Shotgun.mp3
Aug 20 17:42 : update: added VA - The Official UK Top 40 Singles Chart [18.08] (2018) MP3/22. Calvin Harris, Dua Lipa - One Kiss.mp3
Aug 20 17:42 : update: added VA - The Official UK Top 40 Singles Chart [18.08] (2018) MP3/34. Panic! At The Disco - High Hopes.mp3
Aug 20 17:42 : update: added VA - The Official UK Top 40 Singles Chart [18.08] (2018) MP3/03. DJ Khaled feat. Justin Bieber, Chance the Rapper & Quavo - No Brainer.mp3
Aug 20 17:42 : update: added VA - The Official UK Top 40 Singles Chart [18.08] (2018) MP3/11. Juice WRLD - Lucid Dreams.mp3
Aug 20 17:42 : update: added Female Vocal Trance 2018 Vol.2 (2018)/25.  Stoneface & Terminal feat. Katty Heath  -  Love Sublime (Stargazers Remix).mp3
Aug 20 17:42 : update: added Female Vocal Trance 2018 Vol.2 (2018)/18.  Elite Electronic feat. Lauren Ni Chasaide  -  Lost & Free (Original Mix).mp3
Aug 20 17:42 : update: added Female Vocal Trance 2018 Vol.2 (2018)/21.  Limelght feat. Alina Renae  -  Intoxicated (Original Mix).mp3
Aug 20 17:42 : update: added Female Vocal Trance 2018 Vol.2 (2018)/01.  Steve Allen feat. Ana Criado, Solis & Sean Truby  -  Frozen River (Original Mix).mp3
Aug 20 17:42 : update: added Female Vocal Trance 2018 Vol.2 (2018)/24.  James Dymond feat. Susana  -  Love You Are Made Of (Original Mix).mp3
Aug 20 17:42 : update: added Female Vocal Trance 2018 Vol.2 (2018)/20.  Karandб & Fisher  -  Gone (Original Mix).mp3
Aug 20 17:42 : update: added Female Vocal Trance 2018 Vol.2 (2018)/10.  4 Strings feat. Sarah Lynn  -  You Move Me (Original Mix).mp3
Aug 20 17:42 : update: added Female Vocal Trance 2018 Vol.2 (2018)/08.  Aurosonic feat. Kate Miles  -  If You Stay (Original Mix).mp3
Aug 20 17:42 : update: added Female Vocal Trance 2018 Vol.2 (2018)/04.  Sue Mclaren  -  Unbroken (Original Mix).mp3
Aug 20 17:42 : update: added Female Vocal Trance 2018 Vol.2 (2018)/06.  Denise Rivera & Bluskay  -  Even On A Long Day (Original Mix).mp3
Aug 20 17:42 : update: added Female Vocal Trance 2018 Vol.2 (2018)/07.  Kaimo K  -  Hold Of You (Original Mix).mp3
Aug 20 17:42 : update: added Female Vocal Trance 2018 Vol.2 (2018)/09.  Delta-S feat. Kate Louise Smith  -  Letting Go (Original Mix).mp3
Aug 20 17:42 : update: added Female Vocal Trance 2018 Vol.2 (2018)/19.  Farhad Mahdavi feat. Jo Cartwright  -  Shadow In The Dark (Original Mix).mp3
Aug 20 17:42 : update: added Female Vocal Trance 2018 Vol.2 (2018)/03.  Raz Nitzan feat. Ellie Lawson  -  Beyond Time (Original Mix).mp3
Aug 20 17:42 : update: added Female Vocal Trance 2018 Vol.2 (2018)/12.  Alex Leavon feat. Cynthia Hall  -  My All (Original Mix).mp3
Aug 20 17:42 : update: added Female Vocal Trance 2018 Vol.2 (2018)/02.  Susana  -  A Million Memories (Original Mix).mp3
Aug 20 17:42 : update: added Female Vocal Trance 2018 Vol.2 (2018)/15.  Stargazers feat. Sue Mclaren  -  The Perfect Storm (Unbeat Remix).mp3
Aug 20 17:42 : update: added Female Vocal Trance 2018 Vol.2 (2018)/17.  Drival feat. Amy Kirkpatrick  -  No One Else (Original Mix).mp3
Aug 20 17:42 : update: added Female Vocal Trance 2018 Vol.2 (2018)/16.  Alan Morris & Enzo feat. Jess Morgan  -  Tapestry Of Us (Original Mix).mp3
Aug 20 17:42 : update: added Female Vocal Trance 2018 Vol.2 (2018)/14.  Sunset feat. Hanna Finsen  -  Wired By The Fire (Original Mix).mp3
Aug 20 17:42 : update: added Female Vocal Trance 2018 Vol.2 (2018)/05.  Armin van Buuren & Perpetuous Dreamer  -  The Sound Of Goodbye (Pedro Del Mar & Beatsole Remix).mp3
Aug 20 17:42 : update: added Female Vocal Trance 2018 Vol.2 (2018)/11.  Costa feat. Maria Nayler  -  I Dissolve In You (Original Mix).mp3
Aug 20 17:42 : update: added Female Vocal Trance 2018 Vol.2 (2018)/22.  A.R.D.I. & Neev Kennedy  -  Crush The Unseen (Original Mix).mp3
Aug 20 17:42 : update: added Female Vocal Trance 2018 Vol.2 (2018)/23.  Phillip J feat. Kim Casandra  -  Undying Sun (Original Mix).mp3
Aug 20 17:42 : update: added Female Vocal Trance 2018 Vol.2 (2018)/13.  Katty Heath  -  Connection Through Sound (Nikolauss Remix).mp3
Aug 20 17:42 : update: added Ibiza Latino Sommer Party (2018)/35.  Lucille  -  Porque Te Vas (Beach Version).mp3
Aug 20 17:42 : update: added Ibiza Latino Sommer Party (2018)/19.  Marc Moosbrugger  -  From Now On (Extended Mix).mp3
Aug 20 17:42 : update: added Ibiza Latino Sommer Party (2018)/20.  DJ Ariel Style  -  Llego Papa Vampiro (Original Mix).mp3
Aug 20 17:42 : update: added Ibiza Latino Sommer Party (2018)/32.  Fre3 Fly feat. Jazz Mino  -  Messy (Original Mix).mp3
Aug 20 17:42 : update: added Ibiza Latino Sommer Party (2018)/15.  A Club Tunes & Sombreros Del Sol  -  Sunset (Original Mix).mp3
Aug 20 17:42 : update: added Ibiza Latino Sommer Party (2018)/28.  BR!GHT feat. Dareen  -  Free Way (Club Mix).mp3
Aug 20 17:42 : update: added Ibiza Latino Sommer Party (2018)/11.  Julito Cesar El Emperador & Pablo Timba  -  Te Toco Perder (Original Mix).mp3
Aug 20 17:42 : update: added Ibiza Latino Sommer Party (2018)/31.  Poediction  -  Tropical Disco (Original Mix).mp3
Aug 20 17:42 : update: added Ibiza Latino Sommer Party (2018)/21.  DJ Ariel Style  -  Tu No Metes Cabra (Original Mix).mp3
Aug 20 17:42 : update: added Ibiza Latino Sommer Party (2018)/27.  DJ-Chart  -  Reggaeton Por Che Tu (Latin Dance Version).mp3
Aug 20 17:42 : update: added Ibiza Latino Sommer Party (2018)/30.  Nando Fortunato  -  Esperar (Radio Edit).mp3
Aug 20 17:42 : update: added Ibiza Latino Sommer Party (2018)/24.  Adaptiv  -  Brave (Extended Mix).mp3
Aug 20 17:42 : update: added Ibiza Latino Sommer Party (2018)/13.  Nick Solid  -  Heal Your Sorrows (Tropical Radio Edit).mp3
Aug 20 17:42 : update: added Ibiza Latino Sommer Party (2018)/34.  Baby G feat. Elly Kinzel  -  Magico (Original Mix).mp3
Aug 20 17:42 : update: added Ibiza Latino Sommer Party (2018)/38.  DJ LBR & Rio Perigo  -  Menina (Club Mix).mp3
Aug 20 17:42 : update: added Ibiza Latino Sommer Party (2018)/33.  SWG  -  La Rumba (Original Mix).mp3
Aug 20 17:42 : update: added Ibiza Latino Sommer Party (2018)/09.  Elisabeat  -  Live It Up With You (Original Mix).mp3
Aug 20 17:42 : update: added Ibiza Latino Sommer Party (2018)/37.  Outatime  -  Last Night A DJ Saved My Life (Coma's Danceton Remix).mp3
Aug 20 17:42 : update: added Ibiza Latino Sommer Party (2018)/40.  Soul Bros.  -  Baby Come Back (A Class Floor Mix).mp3
Aug 20 17:42 : update: added Ibiza Latino Sommer Party (2018)/17.  Soundstylers  -  Let Me Be Your Destiny (Moombahton Remix).mp3
Aug 20 17:42 : update: added Ibiza Latino Sommer Party (2018)/25.  Button Boks  -  Pleasure (DJ Vojo & Explo Tropical Remix).mp3
Aug 20 17:42 : update: added Ibiza Latino Sommer Party (2018)/36.  MT Project & Anton Brown  -  Vieni Con Me (Original Mix).mp3
Aug 20 17:42 : update: added Ibiza Latino Sommer Party (2018)/26.  Housegeist feat. Lucia  -  Porque Tu (Extended Mix).mp3
Aug 20 17:42 : update: added Ibiza Latino Sommer Party (2018)/16.  John Spark  -  The Long Way (JSR Extended Latino House Mix).mp3
Aug 20 17:42 : update: added Ibiza Latino Sommer Party (2018)/04.  DJ-Chart  -  Moombahton Party On Sunset (Reggaeton Version).mp3
Aug 20 17:42 : update: added Ibiza Latino Sommer Party (2018)/14.  DJ Ariel Style  -  China Del Supermercado Enojada (Original Mix).mp3
Aug 20 17:42 : update: added Ibiza Latino Sommer Party (2018)/10.  Popular Chic  -  Balliamo (Original Mix).mp3
Aug 20 17:42 : update: added Ibiza Latino Sommer Party (2018)/12.  Nio Cara  -  Lei (Original Mix).mp3
Aug 20 17:42 : update: added Ibiza Latino Sommer Party (2018)/29.  Dion Rikkert  -  Mamba (Diozo Remix).mp3
Aug 20 17:42 : update: added Ibiza Latino Sommer Party (2018)/06.  SWG  -  La Rumba (Radio Edit).mp3
Aug 20 17:42 : update: added Ibiza Latino Sommer Party (2018)/02.  Sunflash  -  I Won't Let The Sun Go Down (Raggatone Club Mix).mp3
Aug 20 17:42 : update: added Ibiza Latino Sommer Party (2018)/39.  DJ ANADY & SONIX  -  Dale Mas (Evolution Club Mix).mp3
Aug 20 17:42 : update: added Ibiza Latino Sommer Party (2018)/23.  Nick Solid & Jake  -  Versace Girl (Tropical Love Mix).mp3
Aug 20 17:42 : update: added Ibiza Latino Sommer Party (2018)/18.  Giuliano Trivigno  -  Musica Di Vita (Original Mix).mp3
Aug 20 17:42 : update: added Ibiza Latino Sommer Party (2018)/08.  DJ Ariel Style  -  La Cucaracha (Original Mix).mp3
Aug 20 17:42 : update: added Ibiza Latino Sommer Party (2018)/05.  Edward Sanchez Drd  -  Paca (Original Mix).mp3
Aug 20 17:42 : update: added Ibiza Latino Sommer Party (2018)/07.  Axcel Lence  -  Porque Tu (Original Mix).mp3
Aug 20 17:42 : update: added Ibiza Latino Sommer Party (2018)/22.  Enaya  -  Gimme Your Love (Extended Mix).mp3
Aug 20 17:42 : update: added Ibiza Latino Sommer Party (2018)/03.  Nio Cara  -  La Musica (Original Mix).mp3
Aug 20 17:42 : update: added Ibiza Latino Sommer Party (2018)/01.  Cuba Club  -  Suavemente (Crew 7 Radio Mix).mp3
Aug 20 17:44 : player: played "CD2/17 - Rag'n'Bone Man - Grace.mp3"
Aug 20 17:46 : exception: No such directory
Aug 20 17:46 : exception: No such directory
Aug 20 17:50 : player: played "Europa Plus ЕвроХит Топ 40 06.06 (2018)/01.  Dynoro feat. Gigi D'Agostino  -  In My Mind.mp3"
Aug 20 17:53 : player: played "CD3/02 - Tom Walker - Leave a Light On.mp3"
Aug 20 17:56 : player: played "Europa Plus ЕвроХит Топ 40 06.06 (2018)/15.  Anton Powers  -  Heart For Sale.mp3"
Aug 20 18:00 : player: played "Europa Plus ЕвроХит Топ 40 06.06 (2018)/35.  Post Malone  -  Better Now.mp3"
Aug 20 18:03 : player: played "Europa Plus ЕвроХит Топ 40 06.06 (2018)/01.  Dynoro feat. Gigi D'Agostino  -  In My Mind.mp3"
Aug 20 18:07 : player: played "CD2/18 - Sofi Tukker - Best Friend (NERVO & Jeff Retro's Let's Get Busy Remix).mp3"
Aug 20 18:11 : player: played "Ibiza Latino Sommer Party (2018)/10.  Popular Chic  -  Balliamo (Original Mix).mp3"
Aug 20 18:15 : player: played "Female Vocal Trance 2018 Vol.2 (2018)/06.  Denise Rivera & Bluskay  -  Even On A Long Day (Original Mix).mp3"
Aug 20 18:19 : player: played "Ibiza Latino Sommer Party (2018)/35.  Lucille  -  Porque Te Vas (Beach Version).mp3"
Aug 20 19:54 : player: played "Europa Plus ЕвроХит Топ 40 06.06 (2018)/14.  Sofi Tukker  -  Batshit.mp3"
Aug 20 19:57 : player: played "CD2/15 - Diplo - Get It Right (feat. MØ).mp3"
Aug 20 20:01 : player: played "Ibiza Latino Sommer Party (2018)/13.  Nick Solid  -  Heal Your Sorrows (Tropical Radio Edit).mp3"
Aug 20 20:03 : player: played "CD3/06 - Basada - Good Vibes (feat. Camden Cox).mp3"
Aug 20 20:07 : player: played "CD3/12 - Mazy - Toi et moi.mp3"
Aug 20 20:09 : player: played "CD2/12 - RIDSA - J'aime bien.mp3"
Aug 20 20:12 : player: played "Ibiza Latino Sommer Party (2018)/38.  DJ LBR & Rio Perigo  -  Menina (Club Mix).mp3"
Aug 20 20:15 : player: played "Europa Plus ЕвроХит Топ 40 06.06 (2018)/18.  Aris  -  S.O.S. (DJ Antonio Remix).mp3"
Aug 20 20:19 : player: played "Ibiza Latino Sommer Party (2018)/09.  Elisabeat  -  Live It Up With You (Original Mix).mp3"
Aug 20 20:22 : player: played "Ibiza Latino Sommer Party (2018)/23.  Nick Solid & Jake  -  Versace Girl (Tropical Love Mix).mp3"
Aug 20 20:26 : player: played "CD2/06 - Kataleya - J'en peux plus.mp3"
Aug 20 20:29 : player: played "Europa Plus ЕвроХит Топ 40 06.06 (2018)/01.  Dynoro feat. Gigi D'Agostino  -  In My Mind.mp3"
Aug 20 20:32 : player: played "Europa Plus ЕвроХит Топ 40 06.06 (2018)/28.  Luis Fonsi feat. Demi Lovato  -  Echame La Culpa.mp3"
Aug 20 20:35 : player: played "Europa Plus ЕвроХит Топ 40 06.06 (2018)/26.  L.B. One feat. Laenz  -  Trust Me.mp3"
Aug 20 20:39 : player: played "Europa Plus ЕвроХит Топ 40 06.06 (2018)/02.  Tim3bomb feat. Tim Schou  -  Magic.mp3"
Aug 20 20:42 : player: played "VA - The Official UK Top 40 Singles Chart [18.08] (2018) MP3/37. David Guetta ft Anne-Marie - Don't Leave Me Alone.mp3"
Aug 20 21:11 : player: played "CD3/02 - Tom Walker - Leave a Light On.mp3"
Aug 20 21:18 : player: played "Europa Plus ЕвроХит Топ 40 06.06 (2018)/25.  Imagine Dragons  -  Whatever It Takes.mp3"
Aug 20 21:22 : player: played "CD2/08 - Camila Cabello - Never Be the Same.mp3"
Aug 20 21:25 : player: played "Europa Plus ЕвроХит Топ 40 06.06 (2018)/20.  Jah Khalib  -  Медина.mp3"
Aug 20 21:29 : player: played "Europa Plus ЕвроХит Топ 40 06.06 (2018)/22.  Felix Jaehn feat. Marc E. Bassy & Gucci Mane  -  Cool.mp3"
Aug 20 21:32 : player: played "VA - The Official UK Top 40 Singles Chart [18.08] (2018) MP3/25. Martin Garrix - Ocean (feat. Khalid).mp3"
Aug 20 21:35 : player: played "Europa Plus ЕвроХит Топ 40 06.06 (2018)/24.  Jason Derulo feat. French Montana  -  Tip Toe.mp3"
Aug 20 21:38 : player: played "CD3/01 - Luis Fonsi - Échame La Culpa.mp3"
Aug 20 21:42 : player: played "CD3/11 - Kygo - Stargazing.mp3"
Aug 20 21:45 : player: played "CD2/15 - Diplo - Get It Right (feat. MØ).mp3"
Aug 20 21:48 : player: played "CD3/07 -Keen' V - Tu réalises.mp3"
Aug 20 21:51 : player: played "VA - The Official UK Top 40 Singles Chart [18.08] (2018) MP3/32. Anne-Marie - 2002.mp3"
Aug 20 21:54 : player: played "Ibiza Latino Sommer Party (2018)/30.  Nando Fortunato  -  Esperar (Radio Edit).mp3"
Aug 20 21:58 : player: played "CD3/16 - Big Shaq - Man's Not Hot.mp3"
Aug 20 22:00 : client: [6] closed
Aug 20 22:01 : player: played "Europa Plus ЕвроХит Топ 40 06.06 (2018)/34.  Steve Aoki feat. Daddy Yankee, Play-N-Skillz & Elvis Crespo  -  Azukita.mp3"
Aug 20 22:05 : player: played "Europa Plus ЕвроХит Топ 40 06.06 (2018)/37.  Betta Lemme  -  Bambola.mp3"
Aug 20 22:08 : player: played "Female Vocal Trance 2018 Vol.2 (2018)/05.  Armin van Buuren & Perpetuous Dreamer  -  The Sound Of Goodbye (Pedro Del Mar & Beatsole Remix).mp3"
Aug 20 22:12 : player: played "Europa Plus ЕвроХит Топ 40 06.06 (2018)/14.  Sofi Tukker  -  Batshit.mp3"
Aug 20 22:15 : player: played "CD3/15 - 5 Seconds Of Summer - Want You Back.mp3"
Aug 20 22:18 : player: played "VA - The Official UK Top 40 Singles Chart [18.08] (2018) MP3/38. Jess Glynne - I'll Be There.mp3"
Aug 20 22:21 : player: played "CD2/10 - Ben'Do - Pareil.mp3"
Aug 20 22:24 : player: played "Europa Plus ЕвроХит Топ 40 06.06 (2018)/14.  Sofi Tukker  -  Batshit.mp3"
Aug 20 22:28 : player: played "Female Vocal Trance 2018 Vol.2 (2018)/07.  Kaimo K  -  Hold Of You (Original Mix).mp3"
Aug 20 22:32 : player: played "VA - The Official UK Top 40 Singles Chart [18.08] (2018) MP3/11. Juice WRLD - Lucid Dreams.mp3"
Aug 20 22:36 : player: played "Female Vocal Trance 2018 Vol.2 (2018)/23.  Phillip J feat. Kim Casandra  -  Undying Sun (Original Mix).mp3"
Aug 20 22:39 : player: played "Europa Plus ЕвроХит Топ 40 06.06 (2018)/23.  Елена Темникова  -  Не модные.mp3"
Aug 20 22:42 : player: played "Europa Plus ЕвроХит Топ 40 06.06 (2018)/06.  David Guetta feat. Sia  -  Flames.mp3"
Aug 20 22:46 : player: played "Europa Plus ЕвроХит Топ 40 06.06 (2018)/35.  Post Malone  -  Better Now.mp3"
Aug 20 22:49 : player: played "CD2/10 - Ben'Do - Pareil.mp3"
Aug 20 22:51 : client: [7] opened from 127.0.0.1:56618
Aug 20 23:02 : client: [7] closed
Aug 21 05:12 : client: [8] opened from 127.0.0.1:57632
Aug 21 05:17 : player: played "Ibiza Latino Sommer Party (2018)/30.  Nando Fortunato  -  Esperar (Radio Edit).mp3"
Aug 21 05:22 : player: played "CD2/20 - G-Eazy - Him & I.mp3"
Aug 21 05:26 : player: played "Ibiza Latino Sommer Party (2018)/03.  Nio Cara  -  La Musica (Original Mix).mp3"
Aug 21 05:30 : player: played "CD2/06 - Kataleya - J'en peux plus.mp3"
Aug 21 05:34 : player: played "Female Vocal Trance 2018 Vol.2 (2018)/22.  A.R.D.I. & Neev Kennedy  -  Crush The Unseen (Original Mix).mp3"
Aug 21 05:37 : player: played "Female Vocal Trance 2018 Vol.2 (2018)/13.  Katty Heath  -  Connection Through Sound (Nikolauss Remix).mp3"
Aug 21 05:40 : player: played "CD3/15 - 5 Seconds Of Summer - Want You Back.mp3"
Aug 21 05:44 : player: played "Europa Plus ЕвроХит Топ 40 06.06 (2018)/37.  Betta Lemme  -  Bambola.mp3"
Aug 21 05:47 : player: played "Europa Plus ЕвроХит Топ 40 06.06 (2018)/03.  MARUV & Boosin  -  Drunk Groove.mp3"
Aug 21 05:51 : player: played "CD3/20 - Maroon 5 - Wait.mp3"
Aug 21 05:54 : player: played "CD3/13 - Vegedream - La rue (Radio Edit).mp3"
Aug 21 05:57 : player: played "VA - The Official UK Top 40 Singles Chart [18.08] (2018) MP3/30. ZieZie - Fine Girl.mp3"
Aug 21 06:02 : player: played "Ibiza Latino Sommer Party (2018)/39.  DJ ANADY & SONIX  -  Dale Mas (Evolution Club Mix).mp3"
Aug 21 06:05 : player: played "CD3/02 - Tom Walker - Leave a Light On.mp3"
Aug 21 06:08 : player: played "CD3/16 - Big Shaq - Man's Not Hot.mp3"
Aug 21 06:09 : player: played "CD2/09 - Amir - Les rues de ma peine.mp3"
Aug 21 17:13 : avahi: Service 'Music Player' successfully established.
Aug 21 17:13 : client: [0] opened from 127.0.0.1:59292
Aug 21 17:17 : player: played "Europa Plus ЕвроХит Топ 40 06.06 (2018)/01.  Dynoro feat. Gigi D'Agostino  -  In My Mind.mp3"
Aug 21 17:20 : player: played "CD2/15 - Diplo - Get It Right (feat. MØ).mp3"
Aug 21 17:23 : player: played "VA - The Official UK Top 40 Singles Chart [18.08] (2018) MP3/32. Anne-Marie - 2002.mp3"
Aug 21 17:29 : player: played "Europa Plus ЕвроХит Топ 40 06.06 (2018)/11.  Justin Timberlake feat. Chris Stapleton  -  Say Something.mp3"
Aug 21 17:33 : player: played "CD2/06 - Kataleya - J'en peux plus.mp3"
Aug 21 17:38 : player: played "Ibiza Latino Sommer Party (2018)/39.  DJ ANADY & SONIX  -  Dale Mas (Evolution Club Mix).mp3"
Aug 21 17:41 : player: played "Ibiza Latino Sommer Party (2018)/31.  Poediction  -  Tropical Disco (Original Mix).mp3"
Aug 21 17:46 : player: played "Ibiza Latino Sommer Party (2018)/18.  Giuliano Trivigno  -  Musica Di Vita (Original Mix).mp3"
Aug 21 17:48 : player: played "Ibiza Latino Sommer Party (2018)/08.  DJ Ariel Style  -  La Cucaracha (Original Mix).mp3"
Aug 21 17:52 : player: played "VA - The Official UK Top 40 Singles Chart [18.08] (2018) MP3/02. Drake - In My Feelings.mp3"
Aug 21 17:55 : player: played "CD2/15 - Diplo - Get It Right (feat. MØ).mp3"
Aug 21 17:59 : player: played "Europa Plus ЕвроХит Топ 40 06.06 (2018)/21.  G-Eazy & Halsey  -  Him & I.mp3"
Aug 21 18:02 : player: played "CD3/04 - Jahyanaï - Who Mad Again.mp3"
Aug 21 18:06 : player: played "CD2/11 - Showtek - Natural Blues.mp3"
Aug 21 18:09 : player: played "Female Vocal Trance 2018 Vol.2 (2018)/06.  Denise Rivera & Bluskay  -  Even On A Long Day (Original Mix).mp3"
Aug 21 18:14 : player: played "CD2/03 -  P!nk - Beautiful Trauma.mp3"
Aug 21 18:18 : player: played "Ibiza Latino Sommer Party (2018)/19.  Marc Moosbrugger  -  From Now On (Extended Mix).mp3"
Aug 21 18:22 : player: played "Female Vocal Trance 2018 Vol.2 (2018)/20.  Karandб & Fisher  -  Gone (Original Mix).mp3"
Aug 21 18:26 : player: played "CD2/20 - G-Eazy - Him & I.mp3"
Aug 21 18:30 : player: played "Ibiza Latino Sommer Party (2018)/11.  Julito Cesar El Emperador & Pablo Timba  -  Te Toco Perder (Original Mix).mp3"
Aug 21 18:34 : player: played "Europa Plus ЕвроХит Топ 40 06.06 (2018)/34.  Steve Aoki feat. Daddy Yankee, Play-N-Skillz & Elvis Crespo  -  Azukita.mp3"
Aug 21 18:37 : player: played "CD3/01 - Luis Fonsi - Échame La Culpa.mp3"
Aug 21 18:40 : player: played "Europa Plus ЕвроХит Топ 40 06.06 (2018)/34.  Steve Aoki feat. Daddy Yankee, Play-N-Skillz & Elvis Crespo  -  Azukita.mp3"
Aug 21 18:44 : player: played "Europa Plus ЕвроХит Топ 40 06.06 (2018)/25.  Imagine Dragons  -  Whatever It Takes.mp3"
Aug 21 18:47 : player: played "Europa Plus ЕвроХит Топ 40 06.06 (2018)/16.  Duke Dumont & Ebenezer  -  Inhale.mp3"
Aug 21 18:50 : player: played "Europa Plus ЕвроХит Топ 40 06.06 (2018)/15.  Anton Powers  -  Heart For Sale.mp3"
Aug 21 18:53 : player: played "Female Vocal Trance 2018 Vol.2 (2018)/23.  Phillip J feat. Kim Casandra  -  Undying Sun (Original Mix).mp3"
Aug 21 18:58 : player: played "CD2/03 -  P!nk - Beautiful Trauma.mp3"
Aug 21 19:00 : player: played "Europa Plus ЕвроХит Топ 40 06.06 (2018)/05.  Mari Ferrari & Monodepth feat. Kinnie Lane  -  Plus De Toi.mp3"
Aug 21 19:03 : player: played "Europa Plus ЕвроХит Топ 40 06.06 (2018)/22.  Felix Jaehn feat. Marc E. Bassy & Gucci Mane  -  Cool.mp3"
Aug 21 19:07 : player: played "Europa Plus ЕвроХит Топ 40 06.06 (2018)/32.  ZAYN feat. Sia  -  Dusk Till Dawn.mp3"
Aug 21 19:13 : player: played "CD3/05 - Bigflo & Oli - Papa.mp3"
Aug 21 19:17 : player: played "Ibiza Latino Sommer Party (2018)/03.  Nio Cara  -  La Musica (Original Mix).mp3"
Aug 21 19:20 : player: played "VA - The Official UK Top 40 Singles Chart [18.08] (2018) MP3/21. 6ix9ine, Nicki Minaj, Murda Beatz - Fefe.mp3"
Aug 21 19:23 : player: played "Europa Plus ЕвроХит Топ 40 06.06 (2018)/37.  Betta Lemme  -  Bambola.mp3"
Aug 21 19:26 : player: played "CD2/13 - Alle Farben - H.O.L.Y..mp3"
Aug 21 19:30 : player: played "Ibiza Latino Sommer Party (2018)/07.  Axcel Lence  -  Porque Tu (Original Mix).mp3"
Aug 21 19:34 : player: played "Europa Plus ЕвроХит Топ 40 06.06 (2018)/37.  Betta Lemme  -  Bambola.mp3"
Aug 21 19:37 : player: played "Europa Plus ЕвроХит Топ 40 06.06 (2018)/01.  Dynoro feat. Gigi D'Agostino  -  In My Mind.mp3"
Aug 21 19:40 : player: played "CD2/04 - Marwa Loud - Fallait pas.mp3"
Aug 21 19:44 : player: played "CD3/20 - Maroon 5 - Wait.mp3"
Aug 21 19:46 : player: played "CD2/12 - RIDSA - J'aime bien.mp3"
Aug 21 19:49 : player: played "CD3/02 - Tom Walker - Leave a Light On.mp3"
Aug 21 19:53 : player: played "Ibiza Latino Sommer Party (2018)/01.  Cuba Club  -  Suavemente (Crew 7 Radio Mix).mp3"
Aug 21 19:56 : player: played "CD3/02 - Tom Walker - Leave a Light On.mp3"
Aug 21 19:59 : player: played "Ibiza Latino Sommer Party (2018)/30.  Nando Fortunato  -  Esperar (Radio Edit).mp3"
Aug 21 20:02 : player: played "Female Vocal Trance 2018 Vol.2 (2018)/04.  Sue Mclaren  -  Unbroken (Original Mix).mp3"
Aug 21 20:07 : player: played "Ibiza Latino Sommer Party (2018)/25.  Button Boks  -  Pleasure (DJ Vojo & Explo Tropical Remix).mp3"
Aug 21 20:09 : player: played "Europa Plus ЕвроХит Топ 40 06.06 (2018)/10.  Addal vs. Mida feat. KiFi  -  405.mp3"
Aug 21 20:13 : player: played "Europa Plus ЕвроХит Топ 40 06.06 (2018)/06.  David Guetta feat. Sia  -  Flames.mp3"
Aug 21 20:17 : player: played "Ibiza Latino Sommer Party (2018)/24.  Adaptiv  -  Brave (Extended Mix).mp3"
Aug 21 20:21 : player: played "Female Vocal Trance 2018 Vol.2 (2018)/16.  Alan Morris & Enzo feat. Jess Morgan  -  Tapestry Of Us (Original Mix).mp3"
Aug 21 20:24 : player: played "CD2/19 - Martin Garrix - So Far Away.mp3"
Aug 21 20:26 : player: played "Europa Plus ЕвроХит Топ 40 06.06 (2018)/05.  Mari Ferrari & Monodepth feat. Kinnie Lane  -  Plus De Toi.mp3"
Aug 21 20:30 : player: played "Europa Plus ЕвроХит Топ 40 06.06 (2018)/37.  Betta Lemme  -  Bambola.mp3"
Aug 21 20:33 : player: played "Europa Plus ЕвроХит Топ 40 06.06 (2018)/22.  Felix Jaehn feat. Marc E. Bassy & Gucci Mane  -  Cool.mp3"
Aug 21 20:38 : player: played "Ibiza Latino Sommer Party (2018)/39.  DJ ANADY & SONIX  -  Dale Mas (Evolution Club Mix).mp3"
Aug 21 20:42 : player: played "Europa Plus ЕвроХит Топ 40 06.06 (2018)/20.  Jah Khalib  -  Медина.mp3"
Aug 21 20:45 : player: played "CD3/07 -Keen' V - Tu réalises.mp3"
Aug 21 20:48 : player: played "Europa Plus ЕвроХит Топ 40 06.06 (2018)/16.  Duke Dumont & Ebenezer  -  Inhale.mp3"
Aug 21 20:52 : player: played "Europa Plus ЕвроХит Топ 40 06.06 (2018)/40.  Vanotek feat. Eneli  -  Back To Me.mp3"
Aug 21 20:55 : player: played "CD2/19 - Martin Garrix - So Far Away.mp3"
Aug 21 20:58 : player: played "Ibiza Latino Sommer Party (2018)/12.  Nio Cara  -  Lei (Original Mix).mp3"
Aug 21 21:02 : player: played "Female Vocal Trance 2018 Vol.2 (2018)/25.  Stoneface & Terminal feat. Katty Heath  -  Love Sublime (Stargazers Remix).mp3"
Aug 21 21:06 : player: played "Ibiza Latino Sommer Party (2018)/35.  Lucille  -  Porque Te Vas (Beach Version).mp3"
Aug 21 21:09 : player: played "CD2/17 - Rag'n'Bone Man - Grace.mp3"
Aug 21 21:13 : player: played "Europa Plus ЕвроХит Топ 40 06.06 (2018)/02.  Tim3bomb feat. Tim Schou  -  Magic.mp3"
Aug 21 21:16 : player: played "Europa Plus ЕвроХит Топ 40 06.06 (2018)/05.  Mari Ferrari & Monodepth feat. Kinnie Lane  -  Plus De Toi.mp3"
Aug 21 21:19 : player: played "CD3/17 - Jordi Rivera x SPRKZ - Casanova (Radio Edit).mp3"
Aug 21 21:23 : player: played "VA - The Official UK Top 40 Singles Chart [18.08] (2018) MP3/27. Travis Scott - Stargazing.mp3"
Aug 21 21:27 : player: played "Europa Plus ЕвроХит Топ 40 06.06 (2018)/36.  Arash feat. Helena  -  Dooset Daram.mp3"
Aug 21 21:30 : player: played "Female Vocal Trance 2018 Vol.2 (2018)/11.  Costa feat. Maria Nayler  -  I Dissolve In You (Original Mix).mp3"
Aug 21 21:34 : player: played "Ibiza Latino Sommer Party (2018)/10.  Popular Chic  -  Balliamo (Original Mix).mp3"
Aug 21 21:37 : player: played "CD2/19 - Martin Garrix - So Far Away.mp3"
Aug 21 21:41 : player: played "Europa Plus ЕвроХит Топ 40 06.06 (2018)/35.  Post Malone  -  Better Now.mp3"
Aug 21 21:45 : player: played "VA - The Official UK Top 40 Singles Chart [18.08] (2018) MP3/36. Nicki Minaj - Barbie Dreams.mp3"
Aug 21 21:48 : player: played "CD3/16 - Big Shaq - Man's Not Hot.mp3"
Aug 21 21:52 : player: played "CD3/13 - Vegedream - La rue (Radio Edit).mp3"
Aug 21 21:55 : player: played "CD3/09 - Becky G - Mayores.mp3"
Aug 21 21:59 : player: played "Europa Plus ЕвроХит Топ 40 06.06 (2018)/24.  Jason Derulo feat. French Montana  -  Tip Toe.mp3"
Aug 21 22:02 : player: played "CD2/05 - Imagine Dragons - Next To Me.mp3"
Aug 21 22:07 : player: played "VA - The Official UK Top 40 Singles Chart [18.08] (2018) MP3/31. Cardi B, Bad Bunny & J Balvin - I Like It.mp3"
Aug 21 22:10 : player: played "Ibiza Latino Sommer Party (2018)/26.  Housegeist feat. Lucia  -  Porque Tu (Extended Mix).mp3"
Aug 21 22:15 : player: played "Europa Plus ЕвроХит Топ 40 06.06 (2018)/29.  Tiesto & Sevenn feat. Gucci Mane  -  BOOM.mp3"
Aug 21 22:18 : player: played "CD2/01 - Dadju - Bob Marley.mp3"
Aug 21 22:22 : player: played "Europa Plus ЕвроХит Топ 40 06.06 (2018)/06.  David Guetta feat. Sia  -  Flames.mp3"
Aug 21 22:25 : player: played "Europa Plus ЕвроХит Топ 40 06.06 (2018)/02.  Tim3bomb feat. Tim Schou  -  Magic.mp3"
Aug 21 22:29 : player: played "Ibiza Latino Sommer Party (2018)/23.  Nick Solid & Jake  -  Versace Girl (Tropical Love Mix).mp3"
Aug 21 22:32 : player: played "Ibiza Latino Sommer Party (2018)/01.  Cuba Club  -  Suavemente (Crew 7 Radio Mix).mp3"
Aug 21 22:35 : player: played "CD2/12 - RIDSA - J'aime bien.mp3"
Aug 21 22:38 : player: played "Europa Plus ЕвроХит Топ 40 06.06 (2018)/33.  Джиган feat. Артем Качер  -  ДНК.mp3"
Aug 21 22:41 : player: played "Europa Plus ЕвроХит Топ 40 06.06 (2018)/26.  L.B. One feat. Laenz  -  Trust Me.mp3"
Aug 21 22:45 : player: played "Female Vocal Trance 2018 Vol.2 (2018)/23.  Phillip J feat. Kim Casandra  -  Undying Sun (Original Mix).mp3"
Aug 21 22:48 : player: played "Female Vocal Trance 2018 Vol.2 (2018)/09.  Delta-S feat. Kate Louise Smith  -  Letting Go (Original Mix).mp3"
Aug 21 22:52 : player: played "Female Vocal Trance 2018 Vol.2 (2018)/25.  Stoneface & Terminal feat. Katty Heath  -  Love Sublime (Stargazers Remix).mp3"
Aug 21 22:55 : player: played "Ibiza Latino Sommer Party (2018)/17.  Soundstylers  -  Let Me Be Your Destiny (Moombahton Remix).mp3"
Aug 21 22:58 : player: played "Europa Plus ЕвроХит Топ 40 06.06 (2018)/22.  Felix Jaehn feat. Marc E. Bassy & Gucci Mane  -  Cool.mp3"
Aug 21 23:02 : player: played "CD3/10 - Ødyssey - Fire.mp3"
Aug 21 23:06 : player: played "CD3/13 - Vegedream - La rue (Radio Edit).mp3"
Aug 21 23:09 : player: played "Europa Plus ЕвроХит Топ 40 06.06 (2018)/30.  Marshmello & Anne-Marie  -  Friends.mp3"
Aug 21 23:13 : player: played "CD2/06 - Kataleya - J'en peux plus.mp3"
Aug 21 23:16 : player: played "Europa Plus ЕвроХит Топ 40 06.06 (2018)/23.  Елена Темникова  -  Не модные.mp3"
Aug 21 23:20 : player: played "CD2/18 - Sofi Tukker - Best Friend (NERVO & Jeff Retro's Let's Get Busy Remix).mp3"
Aug 21 23:23 : player: played "Europa Plus ЕвроХит Топ 40 06.06 (2018)/09.  Jax Jones feat. Ina Wroldsen  -  Breathe.mp3"
Aug 21 23:28 : player: played "Europa Plus ЕвроХит Топ 40 06.06 (2018)/08.  C-BooL & Giang Pham  -  DJ Is Your Second Name.mp3"
Aug 21 23:32 : player: played "Europa Plus ЕвроХит Топ 40 06.06 (2018)/35.  Post Malone  -  Better Now.mp3"
Aug 21 23:36 : player: played "Female Vocal Trance 2018 Vol.2 (2018)/22.  A.R.D.I. & Neev Kennedy  -  Crush The Unseen (Original Mix).mp3"
Aug 21 23:39 : player: played "Europa Plus ЕвроХит Топ 40 06.06 (2018)/06.  David Guetta feat. Sia  -  Flames.mp3"
Aug 21 23:42 : player: played "VA - The Official UK Top 40 Singles Chart [18.08] (2018) MP3/14. Cheat Codes & Little Mix - Only You.mp3"
Aug 21 23:45 : player: played "CD2/15 - Diplo - Get It Right (feat. MØ).mp3"
Aug 21 23:49 : player: played "Europa Plus ЕвроХит Топ 40 06.06 (2018)/27.  John Newman  -  Fire In Me.mp3"
Aug 21 23:53 : player: played "CD2/14 - Claudio Capéo - Dis-Le Moi.mp3"
Aug 21 23:57 : player: played "Ibiza Latino Sommer Party (2018)/40.  Soul Bros.  -  Baby Come Back (A Class Floor Mix).mp3"
Aug 22 00:01 : player: played "Female Vocal Trance 2018 Vol.2 (2018)/21.  Limelght feat. Alina Renae  -  Intoxicated (Original Mix).mp3"
Aug 22 00:16 : player: played "Europa Plus ЕвроХит Топ 40 06.06 (2018)/30.  Marshmello & Anne-Marie  -  Friends.mp3"
Aug 22 00:19 : player: played "CD3/10 - Ødyssey - Fire.mp3"
Aug 22 00:24 : player: played "Europa Plus ЕвроХит Топ 40 06.06 (2018)/08.  C-BooL & Giang Pham  -  DJ Is Your Second Name.mp3"
Aug 22 00:28 : player: played "CD2/06 - Kataleya - J'en peux plus.mp3"
Aug 22 00:31 : player: played "Europa Plus ЕвроХит Топ 40 06.06 (2018)/40.  Vanotek feat. Eneli  -  Back To Me.mp3"
Aug 22 00:35 : player: played "CD2/07 - Purple Disco Machine - Devil in Me.mp3"
Aug 22 00:38 : player: played "VA - The Official UK Top 40 Singles Chart [18.08] (2018) MP3/35. AuRa & CamelPhat - Panic Room.mp3"
Aug 22 00:41 : player: played "CD3/18 - Lost Frequencies - Crazy.mp3"
Aug 22 00:45 : player: played "CD2/08 - Camila Cabello - Never Be the Same.mp3"
Aug 22 00:48 : player: played "Europa Plus ЕвроХит Топ 40 06.06 (2018)/01.  Dynoro feat. Gigi D'Agostino  -  In My Mind.mp3"
Aug 22 00:51 : player: played "CD3/14 - RITA ORA - Anywhere.mp3"
Aug 22 00:55 : player: played "VA - The Official UK Top 40 Singles Chart [18.08] (2018) MP3/33. Hardy Caprio ft. One Acen - Best Life.mp3"
Aug 22 00:57 : player: played "Ibiza Latino Sommer Party (2018)/08.  DJ Ariel Style  -  La Cucaracha (Original Mix).mp3"
Aug 22 01:01 : player: played "Female Vocal Trance 2018 Vol.2 (2018)/24.  James Dymond feat. Susana  -  Love You Are Made Of (Original Mix).mp3"
Aug 22 01:04 : player: played "Ibiza Latino Sommer Party (2018)/23.  Nick Solid & Jake  -  Versace Girl (Tropical Love Mix).mp3"
Aug 22 01:09 : player: played "Female Vocal Trance 2018 Vol.2 (2018)/19.  Farhad Mahdavi feat. Jo Cartwright  -  Shadow In The Dark (Original Mix).mp3"
Aug 22 01:13 : player: played "Europa Plus ЕвроХит Топ 40 06.06 (2018)/27.  John Newman  -  Fire In Me.mp3"
Aug 22 15:04 : player: played "CD3/19 - SHELLBACK - Whatever You Want.mp3"
Aug 22 15:08 : player: played "Ibiza Latino Sommer Party (2018)/03.  Nio Cara  -  La Musica (Original Mix).mp3"
Aug 22 15:11 : player: played "Europa Plus ЕвроХит Топ 40 06.06 (2018)/13.  Consoul Trainin feat. Steven Aderinto & DuoViolins  -  Obsession.mp3"
Aug 22 15:16 : player: played "Europa Plus ЕвроХит Топ 40 06.06 (2018)/11.  Justin Timberlake feat. Chris Stapleton  -  Say Something.mp3"
Aug 22 15:20 : player: played "Europa Plus ЕвроХит Топ 40 06.06 (2018)/32.  ZAYN feat. Sia  -  Dusk Till Dawn.mp3"
Aug 22 15:23 : player: played "Europa Plus ЕвроХит Топ 40 06.06 (2018)/09.  Jax Jones feat. Ina Wroldsen  -  Breathe.mp3"
Aug 22 15:27 : player: played "Europa Plus ЕвроХит Топ 40 06.06 (2018)/40.  Vanotek feat. Eneli  -  Back To Me.mp3"
Aug 22 15:29 : player: played "Europa Plus ЕвроХит Топ 40 06.06 (2018)/12.  Merk & Kremont feat. DNCE  -  Hands Up.mp3"
Aug 22 15:33 : player: played "Female Vocal Trance 2018 Vol.2 (2018)/14.  Sunset feat. Hanna Finsen  -  Wired By The Fire (Original Mix).mp3"
Aug 22 15:36 : player: played "Ibiza Latino Sommer Party (2018)/15.  A Club Tunes & Sombreros Del Sol  -  Sunset (Original Mix).mp3"
Aug 22 15:40 : player: played "Europa Plus ЕвроХит Топ 40 06.06 (2018)/29.  Tiesto & Sevenn feat. Gucci Mane  -  BOOM.mp3"
Aug 22 15:44 : player: played "Female Vocal Trance 2018 Vol.2 (2018)/14.  Sunset feat. Hanna Finsen  -  Wired By The Fire (Original Mix).mp3"
Aug 22 15:47 : player: played "Ibiza Latino Sommer Party (2018)/32.  Fre3 Fly feat. Jazz Mino  -  Messy (Original Mix).mp3"
Aug 22 15:51 : player: played "CD3/11 - Kygo - Stargazing.mp3"
Aug 22 15:54 : player: played "Ibiza Latino Sommer Party (2018)/04.  DJ-Chart  -  Moombahton Party On Sunset (Reggaeton Version).mp3"
Aug 22 15:57 : player: played "Europa Plus ЕвроХит Топ 40 06.06 (2018)/01.  Dynoro feat. Gigi D'Agostino  -  In My Mind.mp3"
Aug 22 16:01 : player: played "CD2/14 - Claudio Capéo - Dis-Le Moi.mp3"
Aug 22 16:06 : player: played "Ibiza Latino Sommer Party (2018)/37.  Outatime  -  Last Night A DJ Saved My Life (Coma's Danceton Remix).mp3"
Aug 22 16:09 : player: played "CD3/12 - Mazy - Toi et moi.mp3"
Aug 22 16:13 : player: played "CD2/03 -  P!nk - Beautiful Trauma.mp3"
Aug 22 16:16 : player: played "CD2/02 - L'Algérino - Va Bene.mp3"
Aug 22 16:20 : player: played "CD3/08 - Jax Jones - Breathe.mp3"
Aug 22 16:24 : player: played "Europa Plus ЕвроХит Топ 40 06.06 (2018)/35.  Post Malone  -  Better Now.mp3"
Aug 22 16:27 : player: played "CD3/04 - Jahyanaï - Who Mad Again.mp3"
Aug 22 16:32 : player: played "Europa Plus ЕвроХит Топ 40 06.06 (2018)/07.  CamelPhat & Elderbrook  -  Cola (Robin Schulz Remix).mp3"
Aug 22 16:36 : player: played "Female Vocal Trance 2018 Vol.2 (2018)/10.  4 Strings feat. Sarah Lynn  -  You Move Me (Original Mix).mp3"
Aug 22 16:39 : player: played "CD3/12 - Mazy - Toi et moi.mp3"
Aug 22 16:42 : player: played "Europa Plus ЕвроХит Топ 40 06.06 (2018)/28.  Luis Fonsi feat. Demi Lovato  -  Echame La Culpa.mp3"
Aug 22 16:45 : player: played "CD2/11 - Showtek - Natural Blues.mp3"
Aug 22 16:49 : player: played "Europa Plus ЕвроХит Топ 40 06.06 (2018)/33.  Джиган feat. Артем Качер  -  ДНК.mp3"
Aug 22 16:52 : player: played "Female Vocal Trance 2018 Vol.2 (2018)/24.  James Dymond feat. Susana  -  Love You Are Made Of (Original Mix).mp3"
Aug 22 16:55 : player: played "CD3/06 - Basada - Good Vibes (feat. Camden Cox).mp3"
Aug 22 16:59 : player: played "Ibiza Latino Sommer Party (2018)/33.  SWG  -  La Rumba (Original Mix).mp3"
Aug 22 17:03 : player: played "Europa Plus ЕвроХит Топ 40 06.06 (2018)/39.  Burak Yeter  -  Crash.mp3"
Aug 22 17:06 : player: played "Female Vocal Trance 2018 Vol.2 (2018)/08.  Aurosonic feat. Kate Miles  -  If You Stay (Original Mix).mp3"
Aug 22 17:09 : player: played "Europa Plus ЕвроХит Топ 40 06.06 (2018)/05.  Mari Ferrari & Monodepth feat. Kinnie Lane  -  Plus De Toi.mp3"
Aug 22 17:12 : player: played "Europa Plus ЕвроХит Топ 40 06.06 (2018)/10.  Addal vs. Mida feat. KiFi  -  405.mp3"
Aug 22 17:15 : player: played "Ibiza Latino Sommer Party (2018)/06.  SWG  -  La Rumba (Radio Edit).mp3"
Aug 22 17:20 : player: played "Europa Plus ЕвроХит Топ 40 06.06 (2018)/29.  Tiesto & Sevenn feat. Gucci Mane  -  BOOM.mp3"
Aug 22 17:23 : player: played "Ibiza Latino Sommer Party (2018)/17.  Soundstylers  -  Let Me Be Your Destiny (Moombahton Remix).mp3"
Aug 22 17:27 : player: played "Europa Plus ЕвроХит Топ 40 06.06 (2018)/32.  ZAYN feat. Sia  -  Dusk Till Dawn.mp3"
Aug 22 17:30 : player: played "Ibiza Latino Sommer Party (2018)/12.  Nio Cara  -  Lei (Original Mix).mp3"
Aug 22 17:33 : player: played "CD2/13 - Alle Farben - H.O.L.Y..mp3"
Aug 22 17:37 : player: played "Europa Plus ЕвроХит Топ 40 06.06 (2018)/40.  Vanotek feat. Eneli  -  Back To Me.mp3"
Aug 22 17:41 : player: played "VA - The Official UK Top 40 Singles Chart [18.08] (2018) MP3/39. Keala Settle & The Greatest Showman Ensemble - This Is Me.mp3"
Aug 22 17:45 : player: played "Europa Plus ЕвроХит Топ 40 06.06 (2018)/38.  Mr.Da-Nos  -  Ohlala.mp3"
Aug 22 17:48 : player: played "CD3/17 - Jordi Rivera x SPRKZ - Casanova (Radio Edit).mp3"
Aug 22 17:53 : player: played "Europa Plus ЕвроХит Топ 40 06.06 (2018)/30.  Marshmello & Anne-Marie  -  Friends.mp3"
Aug 22 17:58 : player: played "CD3/19 - SHELLBACK - Whatever You Want.mp3"
Aug 22 18:01 : player: played "VA - The Official UK Top 40 Singles Chart [18.08] (2018) MP3/12. Ariana Grande - God is a woman.mp3"
Aug 22 18:04 : player: played "Europa Plus ЕвроХит Топ 40 06.06 (2018)/23.  Елена Темникова  -  Не модные.mp3"
Aug 22 18:07 : player: played "Europa Plus ЕвроХит Топ 40 06.06 (2018)/06.  David Guetta feat. Sia  -  Flames.mp3"
